<?xml version="1.0" encoding="UTF-8"?>
<!-- Generated by org.testng.reporters.JUnitXMLReporter -->
<testsuite ignored="0" hostname="TYC1121686" failures="0" tests="5" name="Test" time="62.112" errors="0" timestamp="2022-03-27T20:53:25 IST">
  <testcase classname="v_Tiger_mini_project.TC_07Test" name="createMemeberAndClear" time="8.239"/>
  <testcase classname="v_Tiger_mini_project.TC_10Test" name="UserAsAdminstrator" time="6.853"/>
  <testcase classname="v_Tiger_mini_project.TC_09Test" name="EmailOptOutSelectOptionIsEnabledOrNot" time="7.436"/>
  <testcase classname="v_Tiger_mini_project.TC_08Test" name="createOrganizationWithEmailOptOut" time="5.026"/>
  <testcase classname="v_Tiger_mini_project.TC_06Test" name="createMember" time="5.154"/>
</testsuite> <!-- Test -->
