<?xml version="1.0" encoding="UTF-8"?>
<testng-results ignored="0" total="1" passed="1" failed="0" skipped="0">
  <reporter-output>
    <line>
      <![CDATA[Browser is succesfully launched]]>
    </line>
    <line>
      <![CDATA[Browser is succesfully Maximized]]>
    </line>
    <line>
      <![CDATA[Campaign information Updated today]]>
    </line>
    <line>
      <![CDATA[Application closed]]>
    </line>
  </reporter-output>
  <suite started-at="2022-04-01T16:49:03 IST" name="Default suite" finished-at="2022-04-01T16:49:22 IST" duration-ms="18808">
    <groups>
    </groups>
    <test started-at="2022-04-01T16:49:03 IST" name="Default test" finished-at="2022-04-01T16:49:22 IST" duration-ms="18808">
      <class name="v_Tiger_mini_project.TC_06Test">
        <test-method is-config="true" signature="openingApplication(java.lang.String)[pri:0, instance:v_Tiger_mini_project.TC_06Test@4d5b6aac]" started-at="2022-04-01T16:49:03 IST" name="openingApplication" finished-at="2022-04-01T16:49:08 IST" duration-ms="5198" status="PASS">
          <params>
            <param index="0">
              <value>
                <![CDATA[chrome]]>
              </value>
            </param>
          </params>
          <reporter-output>
            <line>
              <![CDATA[Browser is succesfully launched]]>
            </line>
            <line>
              <![CDATA[Browser is succesfully Maximized]]>
            </line>
          </reporter-output>
        </test-method> <!-- openingApplication -->
        <test-method is-config="true" signature="LoginPage()[pri:0, instance:v_Tiger_mini_project.TC_06Test@4d5b6aac]" started-at="2022-04-01T16:49:08 IST" name="LoginPage" finished-at="2022-04-01T16:49:12 IST" duration-ms="3641" status="PASS">
          <reporter-output>
          </reporter-output>
        </test-method> <!-- LoginPage -->
        <test-method signature="createMember()[pri:0, instance:v_Tiger_mini_project.TC_06Test@4d5b6aac]" started-at="2022-04-01T16:49:12 IST" name="createMember" finished-at="2022-04-01T16:49:20 IST" duration-ms="8188" status="PASS">
          <reporter-output>
            <line>
              <![CDATA[Campaign information Updated today]]>
            </line>
          </reporter-output>
        </test-method> <!-- createMember -->
        <test-method is-config="true" signature="Logout_page()[pri:0, instance:v_Tiger_mini_project.TC_06Test@4d5b6aac]" started-at="2022-04-01T16:49:20 IST" name="Logout_page" finished-at="2022-04-01T16:49:21 IST" duration-ms="1090" status="PASS">
          <reporter-output>
          </reporter-output>
        </test-method> <!-- Logout_page -->
        <test-method is-config="true" signature="closeTheBrowser()[pri:0, instance:v_Tiger_mini_project.TC_06Test@4d5b6aac]" started-at="2022-04-01T16:49:21 IST" name="closeTheBrowser" finished-at="2022-04-01T16:49:22 IST" duration-ms="656" status="PASS">
          <reporter-output>
            <line>
              <![CDATA[Application closed]]>
            </line>
          </reporter-output>
        </test-method> <!-- closeTheBrowser -->
      </class> <!-- v_Tiger_mini_project.TC_06Test -->
    </test> <!-- Default test -->
  </suite> <!-- Default suite -->
</testng-results>
